TN:
SF:src/api/catalog.routes.ts
FNF:0
FNH:0
DA:1,1
DA:2,1
DA:3,1
DA:4,1
DA:5,1
DA:6,1
DA:7,1
DA:8,1
DA:9,1
DA:10,1
DA:11,1
DA:12,1
DA:13,1
DA:14,1
DA:15,3
DA:16,3
DA:17,3
DA:18,3
DA:19,3
DA:20,3
DA:21,2
DA:22,1
DA:23,1
DA:24,1
DA:25,1
DA:26,1
DA:27,3
DA:28,1
DA:29,1
DA:30,1
DA:31,1
DA:32,1
DA:33,3
DA:34,3
DA:35,3
DA:36,3
DA:37,3
DA:38,3
DA:39,3
DA:40,3
DA:41,3
DA:42,2
DA:43,1
DA:44,1
DA:45,1
DA:46,1
DA:47,1
DA:48,3
DA:49,1
DA:50,1
DA:51,1
DA:52,1
DA:53,1
DA:54,1
DA:55,1
DA:56,1
DA:57,1
DA:58,1
DA:59,1
DA:60,1
DA:61,0
DA:62,0
DA:63,0
DA:64,1
DA:65,1
DA:66,1
DA:67,1
DA:68,1
DA:69,1
DA:70,1
DA:71,1
DA:72,1
DA:73,1
DA:74,1
DA:75,0
DA:76,0
DA:77,0
DA:78,1
DA:79,1
DA:80,1
DA:81,1
DA:82,1
DA:83,1
DA:84,1
DA:85,1
DA:86,1
DA:87,1
DA:88,1
DA:89,0
DA:90,0
DA:91,0
DA:92,1
DA:93,1
DA:94,1
DA:95,1
LF:95
LH:86
BRDA:14,0,0,3
BRDA:14,1,0,3
BRDA:20,2,0,1
BRDA:21,3,0,2
BRDA:22,4,0,1
BRDA:32,5,0,3
BRDA:32,6,0,3
BRDA:39,7,0,0
BRDA:41,8,0,1
BRDA:42,9,0,2
BRDA:43,10,0,1
BRDA:53,11,0,1
BRDA:53,12,0,1
BRDA:60,13,0,0
BRDA:69,14,0,1
BRDA:69,15,0,1
BRDA:70,16,0,0
BRDA:74,17,0,0
BRDA:83,18,0,1
BRDA:83,19,0,1
BRDA:84,20,0,0
BRDA:88,21,0,0
BRF:22
BRH:16
end_of_record
TN:
SF:src/dto/product.dto.ts
FNF:0
FNH:0
DA:1,1
DA:2,1
DA:3,1
DA:4,1
DA:5,1
DA:6,1
DA:7,1
DA:8,1
DA:9,1
DA:10,1
DA:11,1
DA:12,1
DA:13,1
DA:14,1
DA:15,1
DA:16,1
DA:17,1
DA:18,1
DA:19,1
DA:20,1
DA:21,1
DA:22,1
DA:23,1
DA:24,1
DA:25,1
DA:26,1
DA:27,1
DA:28,1
LF:28
LH:28
BRF:0
BRH:0
end_of_record
TN:
SF:src/repository/catalog.repository.ts
FN:5,create
FN:8,update
FN:11,delete
FN:14,find
FN:17,findOne
FNF:5
FNH:0
FNDA:0,create
FNDA:0,update
FNDA:0,delete
FNDA:0,find
FNDA:0,findOne
DA:1,1
DA:2,1
DA:3,1
DA:4,1
DA:5,1
DA:6,0
DA:7,0
DA:8,1
DA:9,0
DA:10,0
DA:11,1
DA:12,0
DA:13,0
DA:14,1
DA:15,0
DA:16,0
DA:17,1
DA:18,0
DA:19,0
DA:20,1
LF:20
LH:10
BRF:0
BRH:0
end_of_record
TN:
SF:src/services/catalog.service.ts
FN:6,CatalogService
FN:10,createProduct
FN:19,updateProduct
FN:28,getProducts
FN:33,getProduct
FN:42,deleteProduct
FNF:6
FNH:1
FNDA:1,CatalogService
FNDA:0,createProduct
FNDA:0,updateProduct
FNDA:0,getProducts
FNDA:0,getProduct
FNDA:0,deleteProduct
DA:1,1
DA:2,1
DA:3,1
DA:4,1
DA:5,1
DA:6,1
DA:7,1
DA:8,1
DA:9,1
DA:10,1
DA:11,0
DA:12,0
DA:13,0
DA:14,0
DA:15,0
DA:16,0
DA:17,0
DA:18,1
DA:19,1
DA:20,0
DA:21,0
DA:22,0
DA:23,0
DA:24,0
DA:25,0
DA:26,0
DA:27,1
DA:28,1
DA:29,0
DA:30,0
DA:31,0
DA:32,1
DA:33,1
DA:34,0
DA:35,0
DA:36,0
DA:37,0
DA:38,0
DA:39,0
DA:40,0
DA:41,1
DA:42,1
DA:43,0
DA:44,0
DA:45,0
DA:46,0
DA:47,0
DA:48,0
DA:49,0
DA:50,1
LF:50
LH:19
BRDA:6,0,0,1
BRF:1
BRH:1
end_of_record
TN:
SF:src/utils/requestValidator.ts
FN:4,validationError
FN:16,RequestValidator
FNF:2
FNH:2
FNDA:6,validationError
FNDA:6,RequestValidator
DA:1,1
DA:2,1
DA:3,1
DA:4,1
DA:5,6
DA:6,6
DA:7,6
DA:8,6
DA:9,6
DA:10,6
DA:11,2
DA:12,2
DA:13,4
DA:14,4
DA:15,1
DA:16,1
DA:17,6
DA:18,6
DA:19,6
DA:20,6
DA:21,6
DA:22,6
DA:23,2
DA:24,2
DA:25,2
DA:26,2
DA:27,2
DA:28,2
DA:29,2
DA:30,4
DA:31,4
LF:31
LH:31
BRDA:4,0,0,6
BRDA:6,1,0,6
BRDA:10,2,0,2
BRDA:13,3,0,4
BRDA:16,4,0,6
BRDA:19,5,0,6
BRDA:22,6,0,2
BRDA:30,7,0,4
BRDA:24,8,0,2
BRF:9
BRH:9
end_of_record
TN:
SF:src/utils/fixtures/index.ts
FNF:0
FNH:0
DA:1,1
DA:2,1
DA:3,1
DA:4,1
DA:5,1
DA:6,1
DA:7,1
DA:8,1
DA:9,1
DA:10,1
DA:11,1
LF:11
LH:11
BRF:0
BRH:0
end_of_record
