{"/Users/zoro/Desktop/JR/Projects/microservices/microservices-kafka-elastisearch/order_service/src/repository/cart.repository.ts": {"path":"/Users/zoro/Desktop/JR/Projects/microservices/microservices-kafka-elastisearch/order_service/src/repository/cart.repository.ts","all":false,"statementMap":{"0":{"start":{"line":1,"column":0},"end":{"line":1,"column":62}},"1":{"start":{"line":2,"column":0},"end":{"line":2,"column":0}},"2":{"start":{"line":3,"column":0},"end":{"line":3,"column":55}},"3":{"start":{"line":4,"column":0},"end":{"line":4,"column":60}},"4":{"start":{"line":5,"column":0},"end":{"line":5,"column":2}},"5":{"start":{"line":6,"column":0},"end":{"line":6,"column":0}},"6":{"start":{"line":7,"column":0},"end":{"line":7,"column":53}},"7":{"start":{"line":8,"column":0},"end":{"line":8,"column":58}},"8":{"start":{"line":9,"column":0},"end":{"line":9,"column":2}},"9":{"start":{"line":10,"column":0},"end":{"line":10,"column":0}},"10":{"start":{"line":11,"column":0},"end":{"line":11,"column":55}},"11":{"start":{"line":12,"column":0},"end":{"line":12,"column":60}},"12":{"start":{"line":13,"column":0},"end":{"line":13,"column":2}},"13":{"start":{"line":14,"column":0},"end":{"line":14,"column":0}},"14":{"start":{"line":15,"column":0},"end":{"line":15,"column":55}},"15":{"start":{"line":16,"column":0},"end":{"line":16,"column":60}},"16":{"start":{"line":17,"column":0},"end":{"line":17,"column":2}},"17":{"start":{"line":18,"column":0},"end":{"line":18,"column":0}},"18":{"start":{"line":19,"column":0},"end":{"line":19,"column":51}},"19":{"start":{"line":20,"column":0},"end":{"line":20,"column":20}},"20":{"start":{"line":21,"column":0},"end":{"line":21,"column":16}},"21":{"start":{"line":22,"column":0},"end":{"line":22,"column":20}},"22":{"start":{"line":23,"column":0},"end":{"line":23,"column":20}},"23":{"start":{"line":24,"column":0},"end":{"line":24,"column":2}}},"s":{"0":1,"1":1,"2":1,"3":1,"4":1,"5":1,"6":1,"7":0,"8":0,"9":1,"10":1,"11":0,"12":0,"13":1,"14":1,"15":0,"16":0,"17":1,"18":1,"19":1,"20":1,"21":1,"22":1,"23":1},"branchMap":{"0":{"type":"branch","line":3,"loc":{"start":{"line":3,"column":19},"end":{"line":5,"column":2}},"locations":[{"start":{"line":3,"column":19},"end":{"line":5,"column":2}}]},"1":{"type":"branch","line":3,"loc":{"start":{"line":3,"column":53},"end":{"line":5,"column":2}},"locations":[{"start":{"line":3,"column":53},"end":{"line":5,"column":2}}]}},"b":{"0":[1],"1":[1]},"fnMap":{"0":{"name":"createCart","decl":{"start":{"line":3,"column":19},"end":{"line":5,"column":2}},"loc":{"start":{"line":3,"column":19},"end":{"line":5,"column":2}},"line":3},"1":{"name":"findCart","decl":{"start":{"line":7,"column":17},"end":{"line":9,"column":2}},"loc":{"start":{"line":7,"column":17},"end":{"line":9,"column":2}},"line":7},"2":{"name":"updateCart","decl":{"start":{"line":11,"column":19},"end":{"line":13,"column":2}},"loc":{"start":{"line":11,"column":19},"end":{"line":13,"column":2}},"line":11},"3":{"name":"deleteCart","decl":{"start":{"line":15,"column":19},"end":{"line":17,"column":2}},"loc":{"start":{"line":15,"column":19},"end":{"line":17,"column":2}},"line":15}},"f":{"0":1,"1":0,"2":0,"3":0}}
,"/Users/zoro/Desktop/JR/Projects/microservices/microservices-kafka-elastisearch/order_service/src/service/cart.service.ts": {"path":"/Users/zoro/Desktop/JR/Projects/microservices/microservices-kafka-elastisearch/order_service/src/service/cart.service.ts","all":false,"statementMap":{"0":{"start":{"line":1,"column":0},"end":{"line":1,"column":62}},"1":{"start":{"line":2,"column":0},"end":{"line":2,"column":0}},"2":{"start":{"line":3,"column":0},"end":{"line":3,"column":75}},"3":{"start":{"line":4,"column":0},"end":{"line":4,"column":39}},"4":{"start":{"line":5,"column":0},"end":{"line":5,"column":13}},"5":{"start":{"line":6,"column":0},"end":{"line":6,"column":2}},"6":{"start":{"line":7,"column":0},"end":{"line":7,"column":0}},"7":{"start":{"line":8,"column":0},"end":{"line":8,"column":72}},"8":{"start":{"line":9,"column":0},"end":{"line":9,"column":37}},"9":{"start":{"line":10,"column":0},"end":{"line":10,"column":13}},"10":{"start":{"line":11,"column":0},"end":{"line":11,"column":2}},"11":{"start":{"line":12,"column":0},"end":{"line":12,"column":0}},"12":{"start":{"line":13,"column":0},"end":{"line":13,"column":75}},"13":{"start":{"line":14,"column":0},"end":{"line":14,"column":39}},"14":{"start":{"line":15,"column":0},"end":{"line":15,"column":13}},"15":{"start":{"line":16,"column":0},"end":{"line":16,"column":2}},"16":{"start":{"line":17,"column":0},"end":{"line":17,"column":0}},"17":{"start":{"line":18,"column":0},"end":{"line":18,"column":75}},"18":{"start":{"line":19,"column":0},"end":{"line":19,"column":39}},"19":{"start":{"line":20,"column":0},"end":{"line":20,"column":13}},"20":{"start":{"line":21,"column":0},"end":{"line":21,"column":2}}},"s":{"0":1,"1":1,"2":1,"3":1,"4":1,"5":1,"6":1,"7":1,"8":0,"9":0,"10":0,"11":1,"12":1,"13":0,"14":0,"15":0,"16":1,"17":1,"18":0,"19":0,"20":0},"branchMap":{"0":{"type":"branch","line":3,"loc":{"start":{"line":3,"column":26},"end":{"line":6,"column":2}},"locations":[{"start":{"line":3,"column":26},"end":{"line":6,"column":2}}]},"1":{"type":"branch","line":3,"loc":{"start":{"line":3,"column":73},"end":{"line":6,"column":2}},"locations":[{"start":{"line":3,"column":73},"end":{"line":6,"column":2}}]}},"b":{"0":[1],"1":[1]},"fnMap":{"0":{"name":"CreateCart","decl":{"start":{"line":3,"column":26},"end":{"line":6,"column":2}},"loc":{"start":{"line":3,"column":26},"end":{"line":6,"column":2}},"line":3},"1":{"name":"GetCart","decl":{"start":{"line":8,"column":23},"end":{"line":11,"column":2}},"loc":{"start":{"line":8,"column":23},"end":{"line":11,"column":2}},"line":8},"2":{"name":"UpdateCart","decl":{"start":{"line":13,"column":26},"end":{"line":16,"column":2}},"loc":{"start":{"line":13,"column":26},"end":{"line":16,"column":2}},"line":13},"3":{"name":"DeleteCart","decl":{"start":{"line":18,"column":26},"end":{"line":21,"column":2}},"loc":{"start":{"line":18,"column":26},"end":{"line":21,"column":2}},"line":18}},"f":{"0":1,"1":0,"2":0,"3":0}}
}
